<?xml version="1.0" encoding="UTF-8"?>
<!-- Generated by org.testng.reporters.JUnitReportReporter -->
<testsuite skipped="1" hostname="DESKTOP-KD72R9N" name="mvnPakage.mvntestNgClass" tests="3" failures="0" timestamp="2021-09-23T10:03:39 IST" time="0.013" errors="0">
  <testcase name="test2" time="0.008" classname="mvnPakage.mvntestNgClass"/>
  <testcase name="test1" time="0.005" classname="mvnPakage.mvntestNgClass"/>
  <testcase name="test3" classname="mvnPakage.mvntestNgClass">
    <skipped/>
  </testcase> <!-- test3 -->
</testsuite> <!-- mvnPakage.mvntestNgClass -->
